# JRE version: Java(TM) SE Runtime Environment (17.0.6+9) (build 17.0.6+9-LTS-190)
# Java VM: Java HotSpot(TM) 64-Bit Server VM (17.0.6+9-LTS-190, mixed mode, sharing, tiered, compressed oops, compressed class ptrs, g1 gc, linux-amd64)
GC Precious Log:
 CPUs: 4 total, 4 available
 Memory: 15882M
 Large Page Support: Disabled
 NUMA Support: Disabled
 Compressed Oops: Enabled (Zero based)
 Heap Region Size: 2M
 Heap Min Capacity: 8M
 Heap Initial Capacity: 250M
 Heap Max Capacity: 3972M
 Pre-touch: Disabled
 Parallel Workers: 4
 Concurrent Workers: 1
 Concurrent Refinement Workers: 4
 Periodic GC: Disabled
Heap:
 garbage-first heap   total 75776K, used 21235K [0x0000000707c00000, 0x0000000800000000)
  region size 2048K, 3 young (6144K), 2 survivors (4096K)
 Metaspace       used 35939K, committed 36288K, reserved 1081344K
  class space    used 4892K, committed 5056K, reserved 1048576K
GC Heap History (16 events):
Event: 0.505 GC heap before
{Heap before GC invocations=0 (full 0):
 garbage-first heap   total 260096K, used 14308K [0x0000000707c00000, 0x0000000800000000)
  region size 2048K, 6 young (12288K), 0 survivors (0K)
 Metaspace       used 1897K, committed 2112K, reserved 1056768K
  class space    used 194K, committed 320K, reserved 1048576K
}
Event: 0.511 GC heap after
{Heap after GC invocations=1 (full 0):
 garbage-first heap   total 260096K, used 8553K [0x0000000707c00000, 0x0000000800000000)
  region size 2048K, 1 young (2048K), 1 survivors (2048K)
 Metaspace       used 1897K, committed 2112K, reserved 1056768K
  class space    used 194K, committed 320K, reserved 1048576K
}
Event: 0.849 GC heap before
{Heap before GC invocations=1 (full 0):
 garbage-first heap   total 260096K, used 18793K [0x0000000707c00000, 0x0000000800000000)
  region size 2048K, 6 young (12288K), 1 survivors (2048K)
 Metaspace       used 4465K, committed 4672K, reserved 1056768K
  class space    used 550K, committed 640K, reserved 1048576K
}
Event: 0.851 GC heap after
{Heap after GC invocations=2 (full 0):
 garbage-first heap   total 260096K, used 9764K [0x0000000707c00000, 0x0000000800000000)
  region size 2048K, 1 young (2048K), 1 survivors (2048K)
 Metaspace       used 4465K, committed 4672K, reserved 1056768K
  class space    used 550K, committed 640K, reserved 1048576K
}
Event: 2.320 GC heap before
{Heap before GC invocations=2 (full 0):
 garbage-first heap   total 260096K, used 38436K [0x0000000707c00000, 0x0000000800000000)
  region size 2048K, 15 young (30720K), 1 survivors (2048K)
 Metaspace       used 11788K, committed 12032K, reserved 1064960K
  class space    used 1538K, committed 1664K, reserved 1048576K
}
Event: 2.330 GC heap after
{Heap after GC invocations=3 (full 0):
 garbage-first heap   total 260096K, used 12066K [0x0000000707c00000, 0x0000000800000000)
  region size 2048K, 2 young (4096K), 2 survivors (4096K)
 Metaspace       used 11788K, committed 12032K, reserved 1064960K
  class space    used 1538K, committed 1664K, reserved 1048576K
}
Event: 3.247 GC heap before
{Heap before GC invocations=3 (full 0):
 garbage-first heap   total 260096K, used 63266K [0x0000000707c00000, 0x0000000800000000)
  region size 2048K, 28 young (57344K), 2 survivors (4096K)
 Metaspace       used 21264K, committed 21504K, reserved 1073152K
  class space    used 2704K, committed 2816K, reserved 1048576K
}
Event: 3.265 GC heap after
{Heap after GC invocations=4 (full 0):
 garbage-first heap   total 260096K, used 15547K [0x0000000707c00000, 0x0000000800000000)
  region size 2048K, 4 young (8192K), 4 survivors (8192K)
 Metaspace       used 21264K, committed 21504K, reserved 1073152K
  class space    used 2704K, committed 2816K, reserved 1048576K
}
Event: 4.114 GC heap before
{Heap before GC invocations=5 (full 0):
 garbage-first heap   total 75776K, used 52411K [0x0000000707c00000, 0x0000000800000000)
  region size 2048K, 22 young (45056K), 4 survivors (8192K)
 Metaspace       used 25628K, committed 25856K, reserved 1073152K
  class space    used 3430K, committed 3520K, reserved 1048576K
}
Event: 4.131 GC heap after
{Heap after GC invocations=6 (full 0):
 garbage-first heap   total 75776K, used 17525K [0x0000000707c00000, 0x0000000800000000)
  region size 2048K, 2 young (4096K), 2 survivors (4096K)
 Metaspace       used 25628K, committed 25856K, reserved 1073152K
  class space    used 3430K, committed 3520K, reserved 1048576K
}
Event: 4.168 GC heap before
{Heap before GC invocations=6 (full 0):
 garbage-first heap   total 75776K, used 19573K [0x0000000707c00000, 0x0000000800000000)
  region size 2048K, 3 young (6144K), 2 survivors (4096K)
 Metaspace       used 26071K, committed 26432K, reserved 1073152K
  class space    used 3498K, committed 3648K, reserved 1048576K
}
Event: 4.175 GC heap after
{Heap after GC invocations=7 (full 0):
 garbage-first heap   total 75776K, used 18143K [0x0000000707c00000, 0x0000000800000000)
  region size 2048K, 1 young (2048K), 1 survivors (2048K)
 Metaspace       used 26071K, committed 26432K, reserved 1073152K
  class space    used 3498K, committed 3648K, reserved 1048576K
}
Event: 5.060 GC heap before
{Heap before GC invocations=7 (full 0):
 garbage-first heap   total 75776K, used 48863K [0x0000000707c00000, 0x0000000800000000)
  region size 2048K, 16 young (32768K), 1 survivors (2048K)
 Metaspace       used 31889K, committed 32320K, reserved 1081344K
  class space    used 4369K, committed 4544K, reserved 1048576K
}
Event: 5.065 GC heap after
{Heap after GC invocations=8 (full 0):
 garbage-first heap   total 75776K, used 20104K [0x0000000707c00000, 0x0000000800000000)
  region size 2048K, 2 young (4096K), 2 survivors (4096K)
 Metaspace       used 31889K, committed 32320K, reserved 1081344K
  class space    used 4369K, committed 4544K, reserved 1048576K
}
Event: 5.353 GC heap before
{Heap before GC invocations=8 (full 0):
 garbage-first heap   total 75776K, used 32392K [0x0000000707c00000, 0x0000000800000000)
  region size 2048K, 9 young (18432K), 2 survivors (4096K)
 Metaspace       used 35570K, committed 35968K, reserved 1081344K
  class space    used 4856K, committed 5056K, reserved 1048576K
}
Event: 5.360 GC heap after
{Heap after GC invocations=9 (full 0):
 garbage-first heap   total 75776K, used 21235K [0x0000000707c00000, 0x0000000800000000)
  region size 2048K, 2 young (4096K), 2 survivors (4096K)
 Metaspace       used 35570K, committed 35968K, reserved 1081344K
  class space    used 4856K, committed 5056K, reserved 1048576K
}

